<?xml version="1.0" encoding="UTF-8"?>
<testng-results ignored="0" total="1" passed="1" failed="0" skipped="0">
  <reporter-output>
  </reporter-output>
  <suite started-at="2024-05-30T20:06:25 IST" name="Surefire suite" finished-at="2024-05-30T20:06:35 IST" duration-ms="10952">
    <groups>
    </groups>
    <test started-at="2024-05-30T20:06:25 IST" name="Surefire test" finished-at="2024-05-30T20:06:35 IST" duration-ms="10952">
      <class name="beauty.Launchinloreal_Test">
        <test-method signature="loreal()[pri:0, instance:beauty.Launchinloreal_Test@6e0dec4a]" started-at="2024-05-30T20:06:25 IST" name="loreal" finished-at="2024-05-30T20:06:35 IST" duration-ms="10908" status="PASS">
          <reporter-output>
          </reporter-output>
        </test-method> <!-- loreal -->
      </class> <!-- beauty.Launchinloreal_Test -->
    </test> <!-- Surefire test -->
  </suite> <!-- Surefire suite -->
</testng-results>
