<?xml version="1.0" encoding="UTF-8"?>
<!-- Generated by org.testng.reporters.JUnitXMLReporter -->
<testsuite ignored="0" hostname="LAPTOP-6FDVRGR3" failures="0" tests="3" name="Test" time="90.563" errors="0" timestamp="2024-05-30T19:57:05 IST">
  <testcase classname="beauty.Launchinloreal_Test" name="loreal" time="77.599"/>
  <testcase classname="beauty.Launchingnyka_Test" name="nykaa" time="4.886"/>
  <testcase classname="beauty.Launchingsugar_Test" name="sugar" time="8.042"/>
</testsuite> <!-- Test -->
